<?xml version="1.0" encoding="UTF-8"?>
<robot generator="Robot 6.1.1 (Python 3.12.4 on darwin)" generated="20251117 22:57:51.208" rpa="false" schemaversion="4">
<suite id="s1" name="Tests" source="/Users/noorapura/Documents/kurssit/ohjelmistotuotanto/palautusrepo/osa3/login-robot/src/tests">
<suite id="s1-s1" name="Login" source="/Users/noorapura/Documents/kurssit/ohjelmistotuotanto/palautusrepo/osa3/login-robot/src/tests/login.robot">
<test id="s1-s1-t1" name="Login With Correct Credentials" line="6">
<kw name="Create User And Input Login Command" type="SETUP">
<kw name="Create User" library="AppLibrary">
<arg>kalle</arg>
<arg>kalle123</arg>
<status status="PASS" starttime="20251117 22:57:51.256" endtime="20251117 22:57:51.257"/>
</kw>
<kw name="Input Login Command" library="resource">
<kw name="Input" library="AppLibrary">
<arg>login</arg>
<status status="PASS" starttime="20251117 22:57:51.257" endtime="20251117 22:57:51.257"/>
</kw>
<status status="PASS" starttime="20251117 22:57:51.257" endtime="20251117 22:57:51.257"/>
</kw>
<status status="PASS" starttime="20251117 22:57:51.256" endtime="20251117 22:57:51.257"/>
</kw>
<kw name="Input Credentials" library="resource">
<arg>kalle</arg>
<arg>kalle123</arg>
<kw name="Input" library="AppLibrary">
<arg>${username}</arg>
<status status="PASS" starttime="20251117 22:57:51.257" endtime="20251117 22:57:51.258"/>
</kw>
<kw name="Input" library="AppLibrary">
<arg>${password}</arg>
<status status="PASS" starttime="20251117 22:57:51.258" endtime="20251117 22:57:51.258"/>
</kw>
<kw name="Run Application" library="AppLibrary">
<status status="PASS" starttime="20251117 22:57:51.258" endtime="20251117 22:57:51.258"/>
</kw>
<status status="PASS" starttime="20251117 22:57:51.257" endtime="20251117 22:57:51.258"/>
</kw>
<kw name="Output Should Contain" library="AppLibrary">
<arg>Logged in</arg>
<status status="PASS" starttime="20251117 22:57:51.258" endtime="20251117 22:57:51.258"/>
</kw>
<status status="PASS" starttime="20251117 22:57:51.255" endtime="20251117 22:57:51.258"/>
</test>
<test id="s1-s1-t2" name="Login With Incorrect Password" line="10">
<kw name="Create User And Input Login Command" type="SETUP">
<kw name="Create User" library="AppLibrary">
<arg>kalle</arg>
<arg>kalle123</arg>
<status status="PASS" starttime="20251117 22:57:51.259" endtime="20251117 22:57:51.259"/>
</kw>
<kw name="Input Login Command" library="resource">
<kw name="Input" library="AppLibrary">
<arg>login</arg>
<status status="PASS" starttime="20251117 22:57:51.259" endtime="20251117 22:57:51.260"/>
</kw>
<status status="PASS" starttime="20251117 22:57:51.259" endtime="20251117 22:57:51.260"/>
</kw>
<status status="PASS" starttime="20251117 22:57:51.259" endtime="20251117 22:57:51.260"/>
</kw>
<kw name="Input Credentials" library="resource">
<arg>kalle</arg>
<arg>kissa</arg>
<kw name="Input" library="AppLibrary">
<arg>${username}</arg>
<status status="PASS" starttime="20251117 22:57:51.260" endtime="20251117 22:57:51.260"/>
</kw>
<kw name="Input" library="AppLibrary">
<arg>${password}</arg>
<status status="PASS" starttime="20251117 22:57:51.260" endtime="20251117 22:57:51.260"/>
</kw>
<kw name="Run Application" library="AppLibrary">
<status status="PASS" starttime="20251117 22:57:51.260" endtime="20251117 22:57:51.260"/>
</kw>
<status status="PASS" starttime="20251117 22:57:51.260" endtime="20251117 22:57:51.260"/>
</kw>
<kw name="Output Should Contain" library="AppLibrary">
<arg>Invalid username or password</arg>
<status status="PASS" starttime="20251117 22:57:51.261" endtime="20251117 22:57:51.261"/>
</kw>
<status status="PASS" starttime="20251117 22:57:51.259" endtime="20251117 22:57:51.261"/>
</test>
<test id="s1-s1-t3" name="Login With Nonexistent Username" line="14">
<kw name="Create User And Input Login Command" type="SETUP">
<kw name="Create User" library="AppLibrary">
<arg>kalle</arg>
<arg>kalle123</arg>
<status status="PASS" starttime="20251117 22:57:51.261" endtime="20251117 22:57:51.262"/>
</kw>
<kw name="Input Login Command" library="resource">
<kw name="Input" library="AppLibrary">
<arg>login</arg>
<status status="PASS" starttime="20251117 22:57:51.262" endtime="20251117 22:57:51.262"/>
</kw>
<status status="PASS" starttime="20251117 22:57:51.262" endtime="20251117 22:57:51.262"/>
</kw>
<status status="PASS" starttime="20251117 22:57:51.261" endtime="20251117 22:57:51.262"/>
</kw>
<kw name="Input Credentials" library="resource">
<arg>noora</arg>
<arg>jeps</arg>
<kw name="Input" library="AppLibrary">
<arg>${username}</arg>
<status status="PASS" starttime="20251117 22:57:51.262" endtime="20251117 22:57:51.262"/>
</kw>
<kw name="Input" library="AppLibrary">
<arg>${password}</arg>
<status status="PASS" starttime="20251117 22:57:51.262" endtime="20251117 22:57:51.263"/>
</kw>
<kw name="Run Application" library="AppLibrary">
<status status="PASS" starttime="20251117 22:57:51.263" endtime="20251117 22:57:51.263"/>
</kw>
<status status="PASS" starttime="20251117 22:57:51.262" endtime="20251117 22:57:51.263"/>
</kw>
<kw name="Output Should Contain" library="AppLibrary">
<arg>Invalid username or password</arg>
<status status="PASS" starttime="20251117 22:57:51.263" endtime="20251117 22:57:51.263"/>
</kw>
<status status="PASS" starttime="20251117 22:57:51.261" endtime="20251117 22:57:51.263"/>
</test>
<status status="PASS" starttime="20251117 22:57:51.247" endtime="20251117 22:57:51.263"/>
</suite>
<suite id="s1-s2" name="Register" source="/Users/noorapura/Documents/kurssit/ohjelmistotuotanto/palautusrepo/osa3/login-robot/src/tests/register.robot">
<test id="s1-s2-t1" name="Register With Valid Username And Password" line="6">
<kw name="Create User And Input Login Command" type="SETUP">
<kw name="Create User" library="AppLibrary">
<arg>kalle</arg>
<arg>kalle123</arg>
<status status="PASS" starttime="20251117 22:57:51.266" endtime="20251117 22:57:51.267"/>
</kw>
<kw name="Input New Command" library="resource">
<kw name="Input" library="AppLibrary">
<arg>new</arg>
<status status="PASS" starttime="20251117 22:57:51.267" endtime="20251117 22:57:51.267"/>
</kw>
<status status="PASS" starttime="20251117 22:57:51.267" endtime="20251117 22:57:51.267"/>
</kw>
<status status="PASS" starttime="20251117 22:57:51.266" endtime="20251117 22:57:51.267"/>
</kw>
<kw name="Input Credentials" library="resource">
<arg>noora</arg>
<arg>kalle123</arg>
<kw name="Input" library="AppLibrary">
<arg>${username}</arg>
<status status="PASS" starttime="20251117 22:57:51.267" endtime="20251117 22:57:51.267"/>
</kw>
<kw name="Input" library="AppLibrary">
<arg>${password}</arg>
<status status="PASS" starttime="20251117 22:57:51.267" endtime="20251117 22:57:51.268"/>
</kw>
<kw name="Run Application" library="AppLibrary">
<status status="PASS" starttime="20251117 22:57:51.268" endtime="20251117 22:57:51.268"/>
</kw>
<status status="PASS" starttime="20251117 22:57:51.267" endtime="20251117 22:57:51.268"/>
</kw>
<kw name="Output Should Contain" library="AppLibrary">
<arg>New user registered</arg>
<status status="PASS" starttime="20251117 22:57:51.268" endtime="20251117 22:57:51.268"/>
</kw>
<status status="PASS" starttime="20251117 22:57:51.266" endtime="20251117 22:57:51.268"/>
</test>
<test id="s1-s2-t2" name="Register With Already Taken Username And Valid Password" line="10">
<kw name="Create User And Input Login Command" type="SETUP">
<kw name="Create User" library="AppLibrary">
<arg>kalle</arg>
<arg>kalle123</arg>
<status status="PASS" starttime="20251117 22:57:51.269" endtime="20251117 22:57:51.269"/>
</kw>
<kw name="Input New Command" library="resource">
<kw name="Input" library="AppLibrary">
<arg>new</arg>
<status status="PASS" starttime="20251117 22:57:51.269" endtime="20251117 22:57:51.269"/>
</kw>
<status status="PASS" starttime="20251117 22:57:51.269" endtime="20251117 22:57:51.269"/>
</kw>
<status status="PASS" starttime="20251117 22:57:51.269" endtime="20251117 22:57:51.269"/>
</kw>
<kw name="Input Credentials" library="resource">
<arg>kalle</arg>
<arg>heiolen9kirjainta</arg>
<kw name="Input" library="AppLibrary">
<arg>${username}</arg>
<status status="PASS" starttime="20251117 22:57:51.270" endtime="20251117 22:57:51.270"/>
</kw>
<kw name="Input" library="AppLibrary">
<arg>${password}</arg>
<status status="PASS" starttime="20251117 22:57:51.270" endtime="20251117 22:57:51.270"/>
</kw>
<kw name="Run Application" library="AppLibrary">
<status status="PASS" starttime="20251117 22:57:51.270" endtime="20251117 22:57:51.270"/>
</kw>
<status status="PASS" starttime="20251117 22:57:51.269" endtime="20251117 22:57:51.270"/>
</kw>
<kw name="Output Should Contain" library="AppLibrary">
<arg>User with username kalle already exists</arg>
<status status="PASS" starttime="20251117 22:57:51.270" endtime="20251117 22:57:51.270"/>
</kw>
<status status="PASS" starttime="20251117 22:57:51.268" endtime="20251117 22:57:51.270"/>
</test>
<test id="s1-s2-t3" name="Register With Too Short Username And Valid Password" line="14">
<kw name="Create User And Input Login Command" type="SETUP">
<kw name="Create User" library="AppLibrary">
<arg>kalle</arg>
<arg>kalle123</arg>
<status status="PASS" starttime="20251117 22:57:51.271" endtime="20251117 22:57:51.271"/>
</kw>
<kw name="Input New Command" library="resource">
<kw name="Input" library="AppLibrary">
<arg>new</arg>
<status status="PASS" starttime="20251117 22:57:51.271" endtime="20251117 22:57:51.272"/>
</kw>
<status status="PASS" starttime="20251117 22:57:51.271" endtime="20251117 22:57:51.272"/>
</kw>
<status status="PASS" starttime="20251117 22:57:51.271" endtime="20251117 22:57:51.272"/>
</kw>
<kw name="Input Credentials" library="resource">
<arg>ö</arg>
<arg>heiolen9kirjainta</arg>
<kw name="Input" library="AppLibrary">
<arg>${username}</arg>
<status status="PASS" starttime="20251117 22:57:51.272" endtime="20251117 22:57:51.272"/>
</kw>
<kw name="Input" library="AppLibrary">
<arg>${password}</arg>
<status status="PASS" starttime="20251117 22:57:51.272" endtime="20251117 22:57:51.272"/>
</kw>
<kw name="Run Application" library="AppLibrary">
<status status="PASS" starttime="20251117 22:57:51.272" endtime="20251117 22:57:51.272"/>
</kw>
<status status="PASS" starttime="20251117 22:57:51.272" endtime="20251117 22:57:51.272"/>
</kw>
<kw name="Output Should Contain" library="AppLibrary">
<arg>Username is too short</arg>
<status status="PASS" starttime="20251117 22:57:51.272" endtime="20251117 22:57:51.273"/>
</kw>
<status status="PASS" starttime="20251117 22:57:51.271" endtime="20251117 22:57:51.273"/>
</test>
<test id="s1-s2-t4" name="Register With Enough Long But Invalid Username And Valid Password" line="18">
<kw name="Create User And Input Login Command" type="SETUP">
<kw name="Create User" library="AppLibrary">
<arg>kalle</arg>
<arg>kalle123</arg>
<status status="PASS" starttime="20251117 22:57:51.273" endtime="20251117 22:57:51.274"/>
</kw>
<kw name="Input New Command" library="resource">
<kw name="Input" library="AppLibrary">
<arg>new</arg>
<status status="PASS" starttime="20251117 22:57:51.274" endtime="20251117 22:57:51.274"/>
</kw>
<status status="PASS" starttime="20251117 22:57:51.274" endtime="20251117 22:57:51.274"/>
</kw>
<status status="PASS" starttime="20251117 22:57:51.273" endtime="20251117 22:57:51.274"/>
</kw>
<kw name="Input Credentials" library="resource">
<arg>ö1234</arg>
<arg>moisalasana6767</arg>
<kw name="Input" library="AppLibrary">
<arg>${username}</arg>
<status status="PASS" starttime="20251117 22:57:51.274" endtime="20251117 22:57:51.275"/>
</kw>
<kw name="Input" library="AppLibrary">
<arg>${password}</arg>
<status status="PASS" starttime="20251117 22:57:51.275" endtime="20251117 22:57:51.275"/>
</kw>
<kw name="Run Application" library="AppLibrary">
<status status="PASS" starttime="20251117 22:57:51.275" endtime="20251117 22:57:51.275"/>
</kw>
<status status="PASS" starttime="20251117 22:57:51.274" endtime="20251117 22:57:51.275"/>
</kw>
<kw name="Output Should Contain" library="AppLibrary">
<arg>username must include only letters</arg>
<status status="PASS" starttime="20251117 22:57:51.275" endtime="20251117 22:57:51.275"/>
</kw>
<status status="PASS" starttime="20251117 22:57:51.273" endtime="20251117 22:57:51.275"/>
</test>
<test id="s1-s2-t5" name="Register With Valid Username And Too Short Password" line="22">
<kw name="Create User And Input Login Command" type="SETUP">
<kw name="Create User" library="AppLibrary">
<arg>kalle</arg>
<arg>kalle123</arg>
<status status="PASS" starttime="20251117 22:57:51.276" endtime="20251117 22:57:51.276"/>
</kw>
<kw name="Input New Command" library="resource">
<kw name="Input" library="AppLibrary">
<arg>new</arg>
<status status="PASS" starttime="20251117 22:57:51.276" endtime="20251117 22:57:51.276"/>
</kw>
<status status="PASS" starttime="20251117 22:57:51.276" endtime="20251117 22:57:51.276"/>
</kw>
<status status="PASS" starttime="20251117 22:57:51.276" endtime="20251117 22:57:51.276"/>
</kw>
<kw name="Input Credentials" library="resource">
<arg>norpsukka</arg>
<arg>ii67</arg>
<kw name="Input" library="AppLibrary">
<arg>${username}</arg>
<status status="PASS" starttime="20251117 22:57:51.277" endtime="20251117 22:57:51.277"/>
</kw>
<kw name="Input" library="AppLibrary">
<arg>${password}</arg>
<status status="PASS" starttime="20251117 22:57:51.277" endtime="20251117 22:57:51.277"/>
</kw>
<kw name="Run Application" library="AppLibrary">
<status status="PASS" starttime="20251117 22:57:51.277" endtime="20251117 22:57:51.277"/>
</kw>
<status status="PASS" starttime="20251117 22:57:51.276" endtime="20251117 22:57:51.277"/>
</kw>
<kw name="Output Should Contain" library="AppLibrary">
<arg>Password is too short</arg>
<status status="PASS" starttime="20251117 22:57:51.277" endtime="20251117 22:57:51.277"/>
</kw>
<status status="PASS" starttime="20251117 22:57:51.275" endtime="20251117 22:57:51.277"/>
</test>
<test id="s1-s2-t6" name="Register With Valid Username And Long Enough Password Containing Only Letters" line="26">
<kw name="Create User And Input Login Command" type="SETUP">
<kw name="Create User" library="AppLibrary">
<arg>kalle</arg>
<arg>kalle123</arg>
<status status="PASS" starttime="20251117 22:57:51.278" endtime="20251117 22:57:51.278"/>
</kw>
<kw name="Input New Command" library="resource">
<kw name="Input" library="AppLibrary">
<arg>new</arg>
<status status="PASS" starttime="20251117 22:57:51.278" endtime="20251117 22:57:51.279"/>
</kw>
<status status="PASS" starttime="20251117 22:57:51.278" endtime="20251117 22:57:51.279"/>
</kw>
<status status="PASS" starttime="20251117 22:57:51.278" endtime="20251117 22:57:51.279"/>
</kw>
<kw name="Input Credentials" library="resource">
<arg>nooraeve</arg>
<arg>Pitkäsalasana6767</arg>
<kw name="Input" library="AppLibrary">
<arg>${username}</arg>
<status status="PASS" starttime="20251117 22:57:51.279" endtime="20251117 22:57:51.279"/>
</kw>
<kw name="Input" library="AppLibrary">
<arg>${password}</arg>
<status status="PASS" starttime="20251117 22:57:51.279" endtime="20251117 22:57:51.279"/>
</kw>
<kw name="Run Application" library="AppLibrary">
<status status="PASS" starttime="20251117 22:57:51.279" endtime="20251117 22:57:51.279"/>
</kw>
<status status="PASS" starttime="20251117 22:57:51.279" endtime="20251117 22:57:51.279"/>
</kw>
<kw name="Output Should Contain" library="AppLibrary">
<arg>New user registered</arg>
<status status="PASS" starttime="20251117 22:57:51.280" endtime="20251117 22:57:51.280"/>
</kw>
<status status="PASS" starttime="20251117 22:57:51.278" endtime="20251117 22:57:51.280"/>
</test>
<status status="PASS" starttime="20251117 22:57:51.264" endtime="20251117 22:57:51.280"/>
</suite>
<status status="PASS" starttime="20251117 22:57:51.209" endtime="20251117 22:57:51.281"/>
</suite>
<statistics>
<total>
<stat pass="9" fail="0" skip="0">All Tests</stat>
</total>
<tag>
</tag>
<suite>
<stat pass="9" fail="0" skip="0" id="s1" name="Tests">Tests</stat>
<stat pass="3" fail="0" skip="0" id="s1-s1" name="Login">Tests.Login</stat>
<stat pass="6" fail="0" skip="0" id="s1-s2" name="Register">Tests.Register</stat>
</suite>
</statistics>
<errors>
</errors>
</robot>
